<?xml version="1.0" encoding="UTF-8"?>
<!-- Generated by org.testng.reporters.JUnitReportReporter -->
<testsuite skipped="0" hostname="LAPTOP-4H3UEKUH" name="demo.basic.TestNGDemo" tests="6" failures="0" timestamp="14 Jun 2023 08:11:33 GMT" time="62.600" errors="0">
  <testcase name="deleteCustomer" time="0.000" classname="demo.basic.TestNGDemo"/>
  <testcase name="editCustomer" time="0.001" classname="demo.basic.TestNGDemo"/>
  <testcase name="createCustomer" time="0.001" classname="demo.basic.TestNGDemo"/>
  <testcase name="loginTestGetTitle" time="0.024" classname="demo.basic.TestNGDemo"/>
  <testcase name="logOutTest" time="30.096" classname="demo.basic.TestNGDemo"/>
  <testcase name="loginTest" time="32.478" classname="demo.basic.TestNGDemo"/>
</testsuite> <!-- demo.basic.TestNGDemo -->
