<?xml version="1.0" encoding="UTF-8"?>
<!-- Generated by org.testng.reporters.JUnitReportReporter -->
<testsuite skipped="0" hostname="maha-PC" name="demo.basic.TestngParameters" tests="2" failures="0" timestamp="22 Feb 2019 01:30:37 GMT" time="51.428" errors="0">
  <testcase name="login" time="17.145" classname="demo.basic.TestngParameters"/>
  <testcase name="login" time="34.283" classname="demo.basic.TestngParameters"/>
</testsuite> <!-- demo.basic.TestngParameters -->
