<?xml version="1.0" encoding="UTF-8"?>
<!-- Generated by org.testng.reporters.JUnitReportReporter -->
<testsuite skipped="0" hostname="maha-PC" name="demo.basic.NewTest" tests="1" failures="0" timestamp="18 Dec 2019 15:54:05 GMT" time="0.031" errors="0">
  <testcase name="f" time="0.031" classname="demo.basic.NewTest"/>
</testsuite> <!-- demo.basic.NewTest -->
