<?xml version="1.0" encoding="UTF-8"?>
<!-- Generated by org.testng.reporters.JUnitReportReporter -->
<testsuite skipped="0" hostname="DESKTOP-P2PCEEJ" name="demo.basic.LoopDemo" tests="1" failures="0" timestamp="26 Apr 2020 08:03:49 GMT" time="1.596" errors="0">
  <testcase name="loginTest" time="1.596" classname="demo.basic.LoopDemo"/>
</testsuite> <!-- demo.basic.LoopDemo -->
