<?xml version="1.0" encoding="UTF-8"?>
<!-- Generated by org.testng.reporters.JUnitReportReporter -->
<testsuite skipped="0" hostname="maha-PC" name="demo.basic.BrokenLinks" tests="1" failures="0" timestamp="25 Feb 2019 01:43:12 GMT" time="95.539" errors="0">
  <testcase name="loginTest" time="95.539" classname="demo.basic.BrokenLinks"/>
</testsuite> <!-- demo.basic.BrokenLinks -->
