<?xml version="1.0" encoding="UTF-8"?>
<!-- Generated by org.testng.reporters.JUnitReportReporter -->
<testsuite skipped="0" hostname="maha-PC" name="demo.basic.TestNGMultiBrowser" tests="1" failures="0" timestamp="25 Feb 2019 01:13:58 GMT" time="0.103" errors="0">
  <testcase name="login" time="0.103" classname="demo.basic.TestNGMultiBrowser"/>
</testsuite> <!-- demo.basic.TestNGMultiBrowser -->
