<?xml version="1.0" encoding="UTF-8"?>
<!-- Generated by org.testng.reporters.JUnitReportReporter -->
<testsuite skipped="0" hostname="maha-PC" name="demo.basic.AnnotationExample" tests="3" failures="0" timestamp="18 Dec 2019 16:13:07 GMT" time="15.037" errors="0">
  <testcase name="toVerifyErrorMsgWhenInvalid" time="5.942" classname="demo.basic.AnnotationExample"/>
  <testcase name="toVerifyValidLogin" time="5.301" classname="demo.basic.AnnotationExample"/>
  <testcase name="toVerifyErrorMsgWhenEmpty" time="3.794" classname="demo.basic.AnnotationExample"/>
</testsuite> <!-- demo.basic.AnnotationExample -->
